totalShares=100000
monthCode=216
   k=kroaker v=4.04
   k=ayvex v=202.0
   k=averum v=343.4
monthCode=217
   k=kroaker v=4.08
   k=ayvex v=204.02
   k=averum v=346.834
monthCode=218
   k=kroaker v=4.12
   k=ayvex v=206.06
   k=averum v=350.302
monthCode=219
   k=kroaker v=4.161
   k=ayvex v=208.12
   k=averum v=353.805
monthCode=220
   k=kroaker v=4.202
   k=ayvex v=331.401
   k=averum v=438.143
monthCode=221
   k=kroaker v=4.244
   k=ayvex v=1344.715
   k=averum v=1452.524
monthCode=222
   k=kroaker v=4.286
   k=ayvex v=1358.162
   k=averum v=1467.049
monthCode=223
   k=kroaker v=4.328
   k=ayvex v=1371.743
   k=averum v=1481.719
monthCode=224
   k=kroaker v=4.371
   k=ayvex v=1385.46
   k=averum v=1496.536
monthCode=225
   k=kroaker v=4.414
   k=ayvex v=1399.314
   k=averum v=1511.501
monthCode=226
   k=kroaker v=4.458
   k=ayvex v=1413.307
   k=averum v=1526.616
monthCode=227
   k=kroaker v=4.502
   k=ayvex v=1427.44
   k=averum v=1541.882
monthCode=228
   k=kroaker v=4.547
   k=ayvex v=1441.714
   k=averum v=1557.3
monthCode=229
   k=kroaker v=4.592
   k=ayvex v=1456.131
   k=averum v=1572.873
monthCode=230
   k=kroaker v=4.637
   k=ayvex v=1470.692
   k=averum v=1588.601
monthCode=231
   k=kroaker v=4.683
   k=ayvex v=1485.398
   k=averum v=1604.487
monthCode=232
   k=kroaker v=4.729
   k=ayvex v=1471.971
   k=averum v=1620.531
monthCode=233
   k=kroaker v=4.776
   k=ayvex v=1626.07
   k=averum v=1636.736
monthCode=234
   k=kroaker v=4.823
   k=ayvex v=1642.33
   k=averum v=1653.103
monthCode=235
   k=kroaker v=4.871
   k=ayvex v=1658.753
   k=averum v=1669.634
monthCode=236
   k=kroaker v=4.919
   k=ayvex v=1675.34
   k=averum v=1686.33
monthCode=237
   k=kroaker v=4.968
   k=ayvex v=1692.093
   k=averum v=1703.193
monthCode=238
   k=kroaker v=5.017
   k=ayvex v=1709.013
   k=averum v=1720.224
monthCode=239
   k=kroaker v=5.067
   k=ayvex v=1726.103
   k=averum v=1737.426
monthCode=240
   k=kroaker v=5.117
   k=ayvex v=1743.364
   k=averum v=1754.8
monthCode=241
   k=kroaker v=5.168
   k=ayvex v=1760.797
   k=averum v=1772.348
monthCode=242
   k=kroaker v=5.219
   k=ayvex v=1778.404
   k=averum v=1790.071
monthCode=243
   k=kroaker v=5.271
   k=ayvex v=1796.188
   k=averum v=1807.971
monthCode=244
   k=kroaker v=5.323
   k=ayvex v=1814.149
   k=averum v=1826.05
kroaker 5.323
ayvex 1814.149
averum 1826.05
done-chain jun20
